<?xml version="1.0" encoding="UTF-8"?>
<testsuite xmlns:xsi="http://www.w3.org/2001/XMLSchema-instance" xsi:noNamespaceSchemaLocation="https://maven.apache.org/surefire/maven-surefire-plugin/xsd/surefire-test-report-3.0.xsd" version="3.0" name="TestSuite" time="453.454" tests="14" errors="0" skipped="0" failures="4">
  <properties>
[...]
</properties>
  <testcase name="Update_location" classname="general.Add_Location" time="16.693">
    <system-out><![CDATA[Encrypted Text: t4R2UY3s4lCmbk7LouyHr++MCndthzrV0U+rfcoEbLg=
t4R2UY3s4lCmbk7LouyHr++MCndthzrV0U+rfcoEbLg=
OK
{"status":true,"message":"Details Fetched Successfully.","data":{"login_link":"https://starboard.activ.space/user/authenticate-token?token=eyJhbGciOiJIUzI1NiIsInR5cCI6IkpXVCJ9.eyJ0aW1lc3RhbXAiOjE3MDMxNTE3MzguNDUxNjQyLCJpZCI6MTMxLCJvcmdfaWQiOm51bGx9.eXoCteU3LysZItdb3qGWX12zujf3xOM_m7nvBd2Nqb0"}}
data
Link -> {"login_link":"https://starboard.activ.space/user/authenticate-token?token=eyJhbGciOiJIUzI1NiIsInR5cCI6IkpXVCJ9.eyJ0aW1lc3RhbXAiOjE3MDMxNTE3MzguNDUxNjQyLCJpZCI6MTMxLCJvcmdfaWQiOm51bGx9.eXoCteU3LysZItdb3qGWX12zujf3xOM_m7nvBd2Nqb0"}
String -> {"login_link":"https://starboard.activ.space/user/authenticate-token?token=eyJhbGciOiJIUzI1NiIsInR5cCI6IkpXVCJ9.eyJ0aW1lc3RhbXAiOjE3MDMxNTE3MzguNDUxNjQyLCJpZCI6MTMxLCJvcmdfaWQiOm51bGx9.eXoCteU3LysZItdb3qGWX12zujf3xOM_m7nvBd2Nqb0"}
Link -> https://starboard.activ.space/user/authenticate-token?token=eyJhbGciOiJIUzI1NiIsInR5cCI6IkpXVCJ9.eyJ0aW1lc3RhbXAiOjE3MDMxNTE3MzguNDUxNjQyLCJpZCI6MTMxLCJvcmdfaWQiOm51bGx9.eXoCteU3LysZItdb3qGWX12zujf3xOM_m7nvBd2Nqb0
 clicked on magic link
 clicked on magic link
]]></system-out>
    <system-err><![CDATA[[main] INFO org.testng.internal.Utils - [TestRunner] Running the tests in 'Starboard_test_cases' with parallel mode:none
[main] INFO org.testng.internal.Utils - [RunInfo] Adding method selector: org.testng.internal.XmlMethodSelector@6ca320ab priority: 10
[main] INFO org.testng.internal.Utils - [TestClass] Creating TestClass for [ClassImpl class=general.Login_Magic_link]
[main] INFO org.testng.internal.Utils - [XmlMethodSelector] Including method general.LoginTOApplication()
[main] INFO org.testng.internal.Utils - [Utils] MethodGroupsHelper.collectMethodsByGroup() took 10 ms.
[main] INFO org.testng.internal.Utils - [Utils] MethodGroupsHelper.sortMethods() took 13 ms.
[main] INFO org.testng.internal.Utils - [XmlMethodSelector] Including method general.TearDown()
[main] INFO org.testng.internal.Utils - [Utils] MethodGroupsHelper.collectMethodsByGroup() took 0 ms.
[main] INFO org.testng.internal.Utils - [Utils] MethodGroupsHelper.sortMethods() took 0 ms.
[main] INFO org.testng.internal.Utils - [Utils] MethodGroupsHelper.collectMethodsByGroup() took 0 ms.
[main] INFO org.testng.internal.Utils - [Utils] MethodGroupsHelper.sortMethods() took 0 ms.
[main] INFO org.testng.internal.Utils - [Utils] MethodGroupsHelper.collectMethodsByGroup() took 0 ms.
[main] INFO org.testng.internal.Utils - [Utils] MethodGroupsHelper.sortMethods() took 0 ms.
[main] INFO org.testng.internal.Utils - [Utils] MethodGroupsHelper.collectMethodsByGroup() took 0 ms.
[main] INFO org.testng.internal.Utils - [Utils] MethodGroupsHelper.sortMethods() took 0 ms.
[main] INFO org.testng.internal.Utils - [Utils] MethodGroupsHelper.collectMethodsByGroup() took 0 ms.
[main] INFO org.testng.internal.Utils - [Utils] MethodGroupsHelper.sortMethods() took 0 ms.
[main] INFO org.testng.internal.Utils - [Utils] MethodGroupsHelper.collectMethodsByGroup() took 0 ms.
[main] INFO org.testng.internal.Utils - [Utils] MethodGroupsHelper.sortMethods() took 0 ms.
[main] INFO org.testng.internal.Utils - [Utils] MethodGroupsHelper.collectMethodsByGroup() took 0 ms.
[main] INFO org.testng.internal.Utils - [Utils] MethodGroupsHelper.sortMethods() took 0 ms.
[main] INFO org.testng.internal.Utils - [Utils] MethodGroupsHelper.collectMethodsByGroup() took 0 ms.
[main] INFO org.testng.internal.Utils - [Utils] MethodGroupsHelper.sortMethods() took 0 ms.
[main] INFO org.testng.internal.Utils - [Utils] MethodGroupsHelper.collectMethodsByGroup() took 0 ms.
[main] INFO org.testng.internal.Utils - [Utils] MethodGroupsHelper.sortMethods() took 0 ms.
[main] INFO org.testng.internal.Utils - [TestClass] Creating TestClass for [ClassImpl class=general.Add_Location]
[main] INFO org.testng.internal.Utils - [TestClass] Adding method Add_Location.Update_location()[pri:1, instance:null] on TestClass class general.Add_Location
[main] INFO org.testng.internal.Utils - [Utils] MethodGroupsHelper.collectMethodsByGroup() took 0 ms.
[main] INFO org.testng.internal.Utils - [Utils] MethodGroupsHelper.sortMethods() took 0 ms.
[main] INFO org.testng.internal.Utils - [Utils] MethodGroupsHelper.collectMethodsByGroup() took 0 ms.
[main] INFO org.testng.internal.Utils - [Utils] MethodGroupsHelper.sortMethods() took 0 ms.
[main] INFO org.testng.internal.Utils - [Utils] MethodGroupsHelper.collectMethodsByGroup() took 0 ms.
[main] INFO org.testng.internal.Utils - [Utils] MethodGroupsHelper.sortMethods() took 0 ms.
[main] INFO org.testng.internal.Utils - [Utils] MethodGroupsHelper.collectMethodsByGroup() took 0 ms.
[main] INFO org.testng.internal.Utils - [Utils] MethodGroupsHelper.sortMethods() took 0 ms.
[main] INFO org.testng.internal.Utils - [Utils] MethodGroupsHelper.collectMethodsByGroup() took 0 ms.
[main] INFO org.testng.internal.Utils - [Utils] MethodGroupsHelper.sortMethods() took 0 ms.
[main] INFO org.testng.internal.Utils - [Utils] MethodGroupsHelper.collectMethodsByGroup() took 0 ms.
[main] INFO org.testng.internal.Utils - [Utils] MethodGroupsHelper.sortMethods() took 0 ms.
[main] INFO org.testng.internal.Utils - [Utils] MethodGroupsHelper.collectMethodsByGroup() took 0 ms.
[main] INFO org.testng.internal.Utils - [Utils] MethodGroupsHelper.sortMethods() took 0 ms.
[main] INFO org.testng.internal.Utils - [Utils] MethodGroupsHelper.collectMethodsByGroup() took 0 ms.
[main] INFO org.testng.internal.Utils - [Utils] MethodGroupsHelper.sortMethods() took 0 ms.
[main] INFO org.testng.internal.Utils - [Utils] MethodGroupsHelper.collectMethodsByGroup() took 0 ms.
[main] INFO org.testng.internal.Utils - [Utils] MethodGroupsHelper.sortMethods() took 0 ms.
[main] INFO org.testng.internal.Utils - [Utils] MethodGroupsHelper.collectMethodsByGroup() took 0 ms.
[main] INFO org.testng.internal.Utils - [Utils] MethodGroupsHelper.sortMethods() took 0 ms.
[main] INFO org.testng.internal.Utils - [TestClass] Creating TestClass for [ClassImpl class=general.Invite_Crew]
[main] INFO org.testng.internal.Utils - [TestClass] Adding method Invite_Crew.sent_invite()[pri:1, instance:null] on TestClass class general.Invite_Crew
[main] INFO org.testng.internal.Utils - [Utils] MethodGroupsHelper.collectMethodsByGroup() took 0 ms.
[main] INFO org.testng.internal.Utils - [Utils] MethodGroupsHelper.sortMethods() took 0 ms.
[main] INFO org.testng.internal.Utils - [Utils] MethodGroupsHelper.collectMethodsByGroup() took 0 ms.
[main] INFO org.testng.internal.Utils - [Utils] MethodGroupsHelper.sortMethods() took 0 ms.
[main] INFO org.testng.internal.Utils - [Utils] MethodGroupsHelper.collectMethodsByGroup() took 0 ms.
[main] INFO org.testng.internal.Utils - [Utils] MethodGroupsHelper.sortMethods() took 0 ms.
[main] INFO org.testng.internal.Utils - [Utils] MethodGroupsHelper.collectMethodsByGroup() took 0 ms.
[main] INFO org.testng.internal.Utils - [Utils] MethodGroupsHelper.sortMethods() took 0 ms.
[main] INFO org.testng.internal.Utils - [Utils] MethodGroupsHelper.collectMethodsByGroup() took 0 ms.
[main] INFO org.testng.internal.Utils - [Utils] MethodGroupsHelper.sortMethods() took 0 ms.
[main] INFO org.testng.internal.Utils - [Utils] MethodGroupsHelper.collectMethodsByGroup() took 0 ms.
[main] INFO org.testng.internal.Utils - [Utils] MethodGroupsHelper.sortMethods() took 0 ms.
[main] INFO org.testng.internal.Utils - [Utils] MethodGroupsHelper.collectMethodsByGroup() took 0 ms.
[main] INFO org.testng.internal.Utils - [Utils] MethodGroupsHelper.sortMethods() took 0 ms.
[main] INFO org.testng.internal.Utils - [Utils] MethodGroupsHelper.collectMethodsByGroup() took 0 ms.
[main] INFO org.testng.internal.Utils - [Utils] MethodGroupsHelper.sortMethods() took 0 ms.
[main] INFO org.testng.internal.Utils - [Utils] MethodGroupsHelper.collectMethodsByGroup() took 0 ms.
[main] INFO org.testng.internal.Utils - [Utils] MethodGroupsHelper.sortMethods() took 0 ms.
[main] INFO org.testng.internal.Utils - [Utils] MethodGroupsHelper.collectMethodsByGroup() took 0 ms.
[main] INFO org.testng.internal.Utils - [Utils] MethodGroupsHelper.sortMethods() took 0 ms.
[main] INFO org.testng.internal.Utils - [TestClass] Creating TestClass for [ClassImpl class=general.Linking_Transactions]
[main] INFO org.testng.internal.Utils - [TestClass] Adding method Linking_Transactions.Link_Invoice()[pri:1, instance:null] on TestClass class general.Linking_Transactions
[main] INFO org.testng.internal.Utils - [TestClass] Adding method Linking_Transactions.Notes_Add()[pri:3, instance:null] on TestClass class general.Linking_Transactions
[main] INFO org.testng.internal.Utils - [TestClass] Adding method Linking_Transactions.Link_Expense_Categories()[pri:2, instance:null] on TestClass class general.Linking_Transactions
[main] INFO org.testng.internal.Utils - [Utils] MethodGroupsHelper.collectMethodsByGroup() took 0 ms.
[main] INFO org.testng.internal.Utils - [Utils] MethodGroupsHelper.sortMethods() took 0 ms.
[main] INFO org.testng.internal.Utils - [Utils] MethodGroupsHelper.collectMethodsByGroup() took 0 ms.
[main] INFO org.testng.internal.Utils - [Utils] MethodGroupsHelper.sortMethods() took 0 ms.
[main] INFO org.testng.internal.Utils - [Utils] MethodGroupsHelper.collectMethodsByGroup() took 0 ms.
[main] INFO org.testng.internal.Utils - [Utils] MethodGroupsHelper.sortMethods() took 0 ms.
[main] INFO org.testng.internal.Utils - [Utils] MethodGroupsHelper.collectMethodsByGroup() took 0 ms.
[main] INFO org.testng.internal.Utils - [Utils] MethodGroupsHelper.sortMethods() took 0 ms.
[main] INFO org.testng.internal.Utils - [Utils] MethodGroupsHelper.collectMethodsByGroup() took 0 ms.
[main] INFO org.testng.internal.Utils - [Utils] MethodGroupsHelper.sortMethods() took 0 ms.
[main] INFO org.testng.internal.Utils - [Utils] MethodGroupsHelper.collectMethodsByGroup() took 0 ms.
[main] INFO org.testng.internal.Utils - [Utils] MethodGroupsHelper.sortMethods() took 0 ms.
[main] INFO org.testng.internal.Utils - [Utils] MethodGroupsHelper.collectMethodsByGroup() took 0 ms.
[main] INFO org.testng.internal.Utils - [Utils] MethodGroupsHelper.sortMethods() took 0 ms.
[main] INFO org.testng.internal.Utils - [Utils] MethodGroupsHelper.collectMethodsByGroup() took 0 ms.
[main] INFO org.testng.internal.Utils - [Utils] MethodGroupsHelper.sortMethods() took 0 ms.
[main] INFO org.testng.internal.Utils - [Utils] MethodGroupsHelper.collectMethodsByGroup() took 0 ms.
[main] INFO org.testng.internal.Utils - [Utils] MethodGroupsHelper.sortMethods() took 0 ms.
[main] INFO org.testng.internal.Utils - [Utils] MethodGroupsHelper.collectMethodsByGroup() took 0 ms.
[main] INFO org.testng.internal.Utils - [Utils] MethodGroupsHelper.sortMethods() took 0 ms.
[main] INFO org.testng.internal.Utils - [TestClass] Creating TestClass for [ClassImpl class=general.Setting_Preference]
[main] INFO org.testng.internal.Utils - [TestClass] Adding method Setting_Preference.Preference()[pri:1, instance:null] on TestClass class general.Setting_Preference
[main] INFO org.testng.internal.Utils - [TestClass] Adding method Setting_Preference.Update_mydetails()[pri:2, instance:null] on TestClass class general.Setting_Preference
[main] INFO org.testng.internal.Utils - [Utils] MethodGroupsHelper.collectMethodsByGroup() took 0 ms.
[main] INFO org.testng.internal.Utils - [Utils] MethodGroupsHelper.sortMethods() took 0 ms.
[main] INFO org.testng.internal.Utils - [Utils] MethodGroupsHelper.collectMethodsByGroup() took 0 ms.
[main] INFO org.testng.internal.Utils - [Utils] MethodGroupsHelper.sortMethods() took 0 ms.
[main] INFO org.testng.internal.Utils - [Utils] MethodGroupsHelper.collectMethodsByGroup() took 0 ms.
[main] INFO org.testng.internal.Utils - [Utils] MethodGroupsHelper.sortMethods() took 0 ms.
[main] INFO org.testng.internal.Utils - [Utils] MethodGroupsHelper.collectMethodsByGroup() took 0 ms.
[main] INFO org.testng.internal.Utils - [Utils] MethodGroupsHelper.sortMethods() took 0 ms.
[main] INFO org.testng.internal.Utils - [Utils] MethodGroupsHelper.collectMethodsByGroup() took 0 ms.
[main] INFO org.testng.internal.Utils - [Utils] MethodGroupsHelper.sortMethods() took 0 ms.
[main] INFO org.testng.internal.Utils - [Utils] MethodGroupsHelper.collectMethodsByGroup() took 0 ms.
[main] INFO org.testng.internal.Utils - [Utils] MethodGroupsHelper.sortMethods() took 0 ms.
[main] INFO org.testng.internal.Utils - [Utils] MethodGroupsHelper.collectMethodsByGroup() took 0 ms.
[main] INFO org.testng.internal.Utils - [Utils] MethodGroupsHelper.sortMethods() took 0 ms.
[main] INFO org.testng.internal.Utils - [Utils] MethodGroupsHelper.collectMethodsByGroup() took 0 ms.
[main] INFO org.testng.internal.Utils - [Utils] MethodGroupsHelper.sortMethods() took 0 ms.
[main] INFO org.testng.internal.Utils - [Utils] MethodGroupsHelper.collectMethodsByGroup() took 0 ms.
[main] INFO org.testng.internal.Utils - [Utils] MethodGroupsHelper.sortMethods() took 0 ms.
[main] INFO org.testng.internal.Utils - [Utils] MethodGroupsHelper.collectMethodsByGroup() took 0 ms.
[main] INFO org.testng.internal.Utils - [Utils] MethodGroupsHelper.sortMethods() took 0 ms.
[main] INFO org.testng.internal.Utils - [TestClass] Creating TestClass for [ClassImpl class=general.Setting_Yacht]
[main] INFO org.testng.internal.Utils - [TestClass] Adding method Setting_Yacht.Sync_data()[pri:1, instance:null] on TestClass class general.Setting_Yacht
[main] INFO org.testng.internal.Utils - [Utils] MethodGroupsHelper.collectMethodsByGroup() took 0 ms.
[main] INFO org.testng.internal.Utils - [Utils] MethodGroupsHelper.sortMethods() took 0 ms.
[main] INFO org.testng.internal.Utils - [Utils] MethodGroupsHelper.collectMethodsByGroup() took 0 ms.
[main] INFO org.testng.internal.Utils - [Utils] MethodGroupsHelper.sortMethods() took 0 ms.
[main] INFO org.testng.internal.Utils - [Utils] MethodGroupsHelper.collectMethodsByGroup() took 0 ms.
[main] INFO org.testng.internal.Utils - [Utils] MethodGroupsHelper.sortMethods() took 0 ms.
[main] INFO org.testng.internal.Utils - [Utils] MethodGroupsHelper.collectMethodsByGroup() took 0 ms.
[main] INFO org.testng.internal.Utils - [Utils] MethodGroupsHelper.sortMethods() took 0 ms.
[main] INFO org.testng.internal.Utils - [Utils] MethodGroupsHelper.collectMethodsByGroup() took 0 ms.
[main] INFO org.testng.internal.Utils - [Utils] MethodGroupsHelper.sortMethods() took 0 ms.
[main] INFO org.testng.internal.Utils - [Utils] MethodGroupsHelper.collectMethodsByGroup() took 0 ms.
[main] INFO org.testng.internal.Utils - [Utils] MethodGroupsHelper.sortMethods() took 0 ms.
[main] INFO org.testng.internal.Utils - [Utils] MethodGroupsHelper.collectMethodsByGroup() took 0 ms.
[main] INFO org.testng.internal.Utils - [Utils] MethodGroupsHelper.sortMethods() took 0 ms.
[main] INFO org.testng.internal.Utils - [Utils] MethodGroupsHelper.collectMethodsByGroup() took 0 ms.
[main] INFO org.testng.internal.Utils - [Utils] MethodGroupsHelper.sortMethods() took 0 ms.
[main] INFO org.testng.internal.Utils - [Utils] MethodGroupsHelper.collectMethodsByGroup() took 0 ms.
[main] INFO org.testng.internal.Utils - [Utils] MethodGroupsHelper.sortMethods() took 0 ms.
[main] INFO org.testng.internal.Utils - [Utils] MethodGroupsHelper.collectMethodsByGroup() took 0 ms.
[main] INFO org.testng.internal.Utils - [Utils] MethodGroupsHelper.sortMethods() took 0 ms.
[main] INFO org.testng.internal.Utils - [TestClass] Creating TestClass for [ClassImpl class=general.More_Module]
[main] INFO org.testng.internal.Utils - [TestClass] Adding method More_Module.Reports()[pri:6, instance:null] on TestClass class general.More_Module
[main] INFO org.testng.internal.Utils - [TestClass] Adding method More_Module.Projects()[pri:5, instance:null] on TestClass class general.More_Module
[main] INFO org.testng.internal.Utils - [TestClass] Adding method More_Module.Quotes()[pri:4, instance:null] on TestClass class general.More_Module
[main] INFO org.testng.internal.Utils - [TestClass] Adding method More_Module.Invoices()[pri:3, instance:null] on TestClass class general.More_Module
[main] INFO org.testng.internal.Utils - [TestClass] Adding method More_Module.Supplier()[pri:1, instance:null] on TestClass class general.More_Module
[main] INFO org.testng.internal.Utils - [TestClass] Adding method More_Module.Purchase_Orders()[pri:2, instance:null] on TestClass class general.More_Module
[main] INFO org.testng.internal.Utils - [Utils] MethodGroupsHelper.collectMethodsByGroup() took 0 ms.
[main] INFO org.testng.internal.Utils - [Utils] MethodGroupsHelper.sortMethods() took 0 ms.
[main] INFO org.testng.internal.Utils - [Utils] MethodGroupsHelper.collectMethodsByGroup() took 0 ms.
[main] INFO org.testng.internal.Utils - [Utils] MethodGroupsHelper.sortMethods() took 0 ms.
[main] INFO org.testng.internal.Utils - [Utils] MethodGroupsHelper.collectMethodsByGroup() took 0 ms.
[main] INFO org.testng.internal.Utils - [Utils] MethodGroupsHelper.sortMethods() took 0 ms.
[main] INFO org.testng.internal.Utils - [Utils] MethodGroupsHelper.collectMethodsByGroup() took 0 ms.
[main] INFO org.testng.internal.Utils - [Utils] MethodGroupsHelper.sortMethods() took 0 ms.
[main] INFO org.testng.internal.Utils - [Utils] MethodGroupsHelper.collectMethodsByGroup() took 0 ms.
[main] INFO org.testng.internal.Utils - [Utils] MethodGroupsHelper.sortMethods() took 0 ms.
[main] INFO org.testng.internal.Utils - [Utils] MethodGroupsHelper.collectMethodsByGroup() took 0 ms.
[main] INFO org.testng.internal.Utils - [Utils] MethodGroupsHelper.sortMethods() took 0 ms.
[main] INFO org.testng.internal.Utils - [Utils] MethodGroupsHelper.collectMethodsByGroup() took 0 ms.
[main] INFO org.testng.internal.Utils - [Utils] MethodGroupsHelper.sortMethods() took 0 ms.
[main] INFO org.testng.internal.Utils - [Utils] MethodGroupsHelper.collectMethodsByGroup() took 0 ms.
[main] INFO org.testng.internal.Utils - [Utils] MethodGroupsHelper.sortMethods() took 0 ms.
[main] INFO org.testng.internal.Utils - [Utils] MethodGroupsHelper.collectMethodsByGroup() took 0 ms.
[main] INFO org.testng.internal.Utils - [Utils] MethodGroupsHelper.sortMethods() took 0 ms.
[main] INFO org.testng.internal.Utils - [Utils] MethodGroupsHelper.collectMethodsByGroup() took 0 ms.
[main] INFO org.testng.internal.Utils - [Utils] MethodGroupsHelper.sortMethods() took 0 ms.
[main] INFO org.testng.internal.Utils - [Utils] MethodGroupsHelper.collectMethodsByGroup() took 1 ms.
[main] INFO org.testng.internal.Utils - [Utils] MethodGroupsHelper.sortMethods() took 0 ms.
[main] INFO org.testng.internal.Utils - [Utils] MethodGroupsHelper.collectMethodsByGroup() took 0 ms.
[main] INFO org.testng.internal.Utils - [Utils] MethodGroupsHelper.sortMethods() took 0 ms.
[main] INFO org.testng.internal.Utils - [XmlMethodSelector] Including method general.Update_location()
[main] INFO org.testng.internal.Utils - [XmlMethodSelector] Including method general.sent_invite()
[main] INFO org.testng.internal.Utils - [XmlMethodSelector] Including method general.Link_Invoice()
[main] INFO org.testng.internal.Utils - [XmlMethodSelector] Including method general.Notes_Add()
[main] INFO org.testng.internal.Utils - [XmlMethodSelector] Including method general.Link_Expense_Categories()
[main] INFO org.testng.internal.Utils - [XmlMethodSelector] Including method general.Preference()
[main] INFO org.testng.internal.Utils - [XmlMethodSelector] Including method general.Update_mydetails()
[main] INFO org.testng.internal.Utils - [XmlMethodSelector] Including method general.Sync_data()
[main] INFO org.testng.internal.Utils - [XmlMethodSelector] Including method general.Reports()
[main] INFO org.testng.internal.Utils - [XmlMethodSelector] Including method general.Projects()
[main] INFO org.testng.internal.Utils - [XmlMethodSelector] Including method general.Quotes()
[main] INFO org.testng.internal.Utils - [XmlMethodSelector] Including method general.Invoices()
[main] INFO org.testng.internal.Utils - [XmlMethodSelector] Including method general.Supplier()
[main] INFO org.testng.internal.Utils - [XmlMethodSelector] Including method general.Purchase_Orders()
[main] INFO org.testng.internal.Utils - [Utils] MethodGroupsHelper.collectMethodsByGroup() took 0 ms.
[main] INFO org.testng.internal.Utils - [Utils] MethodGroupsHelper.sortMethods() took 5 ms.
[main] INFO org.testng.internal.Utils - [Utils] MethodGroupsHelper.collectMethodsByGroup() took 0 ms.
[main] INFO org.testng.internal.Utils - [Utils] MethodGroupsHelper.sortMethods() took 0 ms.
[main] INFO org.testng.internal.Utils - [Utils] MethodGroupsHelper.collectMethodsByGroup() took 0 ms.
[main] INFO org.testng.internal.Utils - [Utils] MethodGroupsHelper.sortMethods() took 0 ms.
[main] INFO org.testng.internal.Utils - [Invoker 1031775150] Keeping method Login_Magic_link.LoginTOApplication()[pri:0, instance:general.Login_Magic_link@988246e] for class null
[main] INFO org.testng.internal.Utils - [Invoker 1031775150] Invoking @BeforeSuite Login_Magic_link.LoginTOApplication()[pri:0, instance:general.Login_Magic_link@988246e]
Dec 21, 2023 3:12:15 PM io.appium.java_client.remote.AppiumCommandExecutor$1 lambda$0
INFO: Detected dialect: W3C
[main] INFO org.testng.internal.Utils - [SuiteRunner] Created 1 TestRunners
[main] INFO org.testng.internal.Utils - [TestRunner] Running test Starboard_test_cases on 7  classes,  included groups:[] excluded groups:[]
[main] INFO org.testng.TestClass - ===== Test class
general.Login_Magic_link
[main] INFO org.testng.TestClass - ======
[main] INFO org.testng.TestClass - ===== Test class
general.Add_Location
[main] INFO org.testng.TestClass -     @Test Add_Location.Update_location()[pri:1, instance:general.Add_Location@2fb5fe30]
[main] INFO org.testng.TestClass - ======
[main] INFO org.testng.TestClass - ===== Test class
general.Invite_Crew
[main] INFO org.testng.TestClass -     @Test Invite_Crew.sent_invite()[pri:1, instance:general.Invite_Crew@456be73c]
[main] INFO org.testng.TestClass - ======
[main] INFO org.testng.TestClass - ===== Test class
general.Linking_Transactions
[main] INFO org.testng.TestClass -     @Test Linking_Transactions.Link_Invoice()[pri:1, instance:general.Linking_Transactions@2375b321]
[main] INFO org.testng.TestClass -     @Test Linking_Transactions.Notes_Add()[pri:3, instance:general.Linking_Transactions@2375b321]
[main] INFO org.testng.TestClass -     @Test Linking_Transactions.Link_Expense_Categories()[pri:2, instance:general.Linking_Transactions@2375b321]
[main] INFO org.testng.TestClass - ======
[main] INFO org.testng.TestClass - ===== Test class
general.Setting_Preference
[main] INFO org.testng.TestClass -     @Test Setting_Preference.Preference()[pri:1, instance:general.Setting_Preference@5baaae4c]
[main] INFO org.testng.TestClass -     @Test Setting_Preference.Update_mydetails()[pri:2, instance:general.Setting_Preference@5baaae4c]
[main] INFO org.testng.TestClass - ======
[main] INFO org.testng.TestClass - ===== Test class
general.Setting_Yacht
[main] INFO org.testng.TestClass -     @Test Setting_Yacht.Sync_data()[pri:1, instance:general.Setting_Yacht@5b6e8f77]
[main] INFO org.testng.TestClass - ======
[main] INFO org.testng.TestClass - ===== Test class
general.More_Module
[main] INFO org.testng.TestClass -     @Test More_Module.Reports()[pri:6, instance:general.More_Module@41a6d121]
[main] INFO org.testng.TestClass -     @Test More_Module.Projects()[pri:5, instance:general.More_Module@41a6d121]
[main] INFO org.testng.TestClass -     @Test More_Module.Quotes()[pri:4, instance:general.More_Module@41a6d121]
[main] INFO org.testng.TestClass -     @Test More_Module.Invoices()[pri:3, instance:general.More_Module@41a6d121]
[main] INFO org.testng.TestClass -     @Test More_Module.Supplier()[pri:1, instance:general.More_Module@41a6d121]
[main] INFO org.testng.TestClass -     @Test More_Module.Purchase_Orders()[pri:2, instance:general.More_Module@41a6d121]
[main] INFO org.testng.TestClass - ======
[main] INFO org.testng.internal.Utils - [Utils] DynamicGraphHelper.createDynamicGraph() took 10 ms.
[main] INFO org.testng.internal.Utils - [Invoker 1031775150] No configuration methods found
[main] INFO org.testng.internal.Utils - [Invoker 1031775150] No configuration methods found
[main] INFO org.testng.internal.Utils - [Invoker 1031775150] Invoking general.Add_Location.Update_location
]]></system-err>
  </testcase>
  <testcase name="sent_invite" classname="general.Invite_Crew" time="28.963">
    <system-err><![CDATA[[main] INFO org.testng.internal.Utils - [Invoker 1031775150] No configuration methods found
[main] INFO org.testng.internal.Utils - [Invoker 1031775150] No configuration methods found
[main] INFO org.testng.internal.Utils - [Invoker 1031775150] No configuration methods found
[main] INFO org.testng.internal.Utils - [Invoker 1031775150] No configuration methods found
[main] INFO org.testng.internal.Utils - [Invoker 1031775150] Invoking general.Invite_Crew.sent_invite
]]></system-err>
  </testcase>
  <testcase name="Link_Invoice" classname="general.Linking_Transactions" time="56.274">
    <failure message="Expected condition failed: waiting for visibility of element located by By.xpath: (//*[@resource-id=&apos;com.impossible_research.sandbox.starboard:id/category_name&apos;]) [1] (tried for 30 second(s) with 500 milliseconds interval)" type="java.lang.AssertionError"><![CDATA[java.lang.AssertionError: Expected condition failed: waiting for visibility of element located by By.xpath: (//*[@resource-id='com.impossible_research.sandbox.starboard:id/category_name']) [1] (tried for 30 second(s) with 500 milliseconds interval)
	at general.Linking_Transactions.Link_Invoice(Linking_Transactions.java:93)
]]></failure>
    <system-err><![CDATA[[main] INFO org.testng.internal.Utils - [Invoker 1031775150] No configuration methods found
[main] INFO org.testng.internal.Utils - [Invoker 1031775150] No configuration methods found
[main] INFO org.testng.internal.Utils - [Invoker 1031775150] No configuration methods found
[main] INFO org.testng.internal.Utils - [Invoker 1031775150] No configuration methods found
[main] INFO org.testng.internal.Utils - [Invoker 1031775150] Invoking general.Linking_Transactions.Link_Invoice
]]></system-err>
  </testcase>
  <testcase name="Link_Expense_Categories" classname="general.Linking_Transactions" time="33.463">
    <system-err><![CDATA[[main] INFO org.testng.internal.Utils - [Invoker 1031775150] No configuration methods found
[main] INFO org.testng.internal.Utils - [Invoker 1031775150] No configuration methods found
[main] INFO org.testng.internal.Utils - [Invoker 1031775150] Invoking general.Linking_Transactions.Link_Expense_Categories
]]></system-err>
  </testcase>
  <testcase name="Notes_Add" classname="general.Linking_Transactions" time="24.573">
    <system-err><![CDATA[[main] INFO org.testng.internal.Utils - [Invoker 1031775150] No configuration methods found
[main] INFO org.testng.internal.Utils - [Invoker 1031775150] No configuration methods found
[main] INFO org.testng.internal.Utils - [Invoker 1031775150] Invoking general.Linking_Transactions.Notes_Add
]]></system-err>
  </testcase>
  <testcase name="Preference" classname="general.Setting_Preference" time="13.266">
    <system-err><![CDATA[[main] INFO org.testng.internal.Utils - [Invoker 1031775150] No configuration methods found
[main] INFO org.testng.internal.Utils - [Invoker 1031775150] No configuration methods found
[main] INFO org.testng.internal.Utils - [Invoker 1031775150] No configuration methods found
[main] INFO org.testng.internal.Utils - [Invoker 1031775150] No configuration methods found
[main] INFO org.testng.internal.Utils - [Invoker 1031775150] Invoking general.Setting_Preference.Preference
]]></system-err>
  </testcase>
  <testcase name="Update_mydetails" classname="general.Setting_Preference" time="15.861">
    <system-err><![CDATA[[main] INFO org.testng.internal.Utils - [Invoker 1031775150] No configuration methods found
[main] INFO org.testng.internal.Utils - [Invoker 1031775150] No configuration methods found
[main] INFO org.testng.internal.Utils - [Invoker 1031775150] Invoking general.Setting_Preference.Update_mydetails
]]></system-err>
  </testcase>
  <testcase name="Sync_data" classname="general.Setting_Yacht" time="32.477">
    <failure message="Expected condition failed: waiting for visibility of element located by By.xpath: //android.widget.TextView[@text=&apos;0 second ago&apos;] (tried for 20 second(s) with 500 milliseconds interval)" type="java.lang.AssertionError"><![CDATA[java.lang.AssertionError: Expected condition failed: waiting for visibility of element located by By.xpath: //android.widget.TextView[@text='0 second ago'] (tried for 20 second(s) with 500 milliseconds interval)
	at general.Setting_Yacht.Sync_data(Setting_Yacht.java:76)
]]></failure>
    <system-err><![CDATA[[main] INFO org.testng.internal.Utils - [Invoker 1031775150] No configuration methods found
[main] INFO org.testng.internal.Utils - [Invoker 1031775150] No configuration methods found
[main] INFO org.testng.internal.Utils - [Invoker 1031775150] No configuration methods found
[main] INFO org.testng.internal.Utils - [Invoker 1031775150] No configuration methods found
[main] INFO org.testng.internal.Utils - [Invoker 1031775150] Invoking general.Setting_Yacht.Sync_data
]]></system-err>
  </testcase>
  <testcase name="Supplier" classname="general.More_Module" time="14.449">
    <failure message="Expected condition failed: waiting for visibility of element located by By.xpath: //android.widget.TextView[@text=&apos;More&apos;] (tried for 10 second(s) with 500 milliseconds interval)" type="java.lang.AssertionError"><![CDATA[java.lang.AssertionError: Expected condition failed: waiting for visibility of element located by By.xpath: //android.widget.TextView[@text='More'] (tried for 10 second(s) with 500 milliseconds interval)
	at general.More_Module.Supplier(More_Module.java:129)
]]></failure>
    <system-err><![CDATA[[main] INFO org.testng.internal.Utils - [Invoker 1031775150] No configuration methods found
[main] INFO org.testng.internal.Utils - [Invoker 1031775150] No configuration methods found
[main] INFO org.testng.internal.Utils - [Invoker 1031775150] No configuration methods found
[main] INFO org.testng.internal.Utils - [Invoker 1031775150] No configuration methods found
[main] INFO org.testng.internal.Utils - [Invoker 1031775150] Invoking general.More_Module.Supplier
]]></system-err>
  </testcase>
  <testcase name="Purchase_Orders" classname="general.More_Module" time="30.285">
    <system-err><![CDATA[[main] INFO org.testng.internal.Utils - [Invoker 1031775150] No configuration methods found
[main] INFO org.testng.internal.Utils - [Invoker 1031775150] No configuration methods found
[main] INFO org.testng.internal.Utils - [Invoker 1031775150] Invoking general.More_Module.Purchase_Orders
]]></system-err>
  </testcase>
  <testcase name="Invoices" classname="general.More_Module" time="32.991">
    <system-err><![CDATA[[main] INFO org.testng.internal.Utils - [Invoker 1031775150] No configuration methods found
[main] INFO org.testng.internal.Utils - [Invoker 1031775150] No configuration methods found
[main] INFO org.testng.internal.Utils - [Invoker 1031775150] Invoking general.More_Module.Invoices
]]></system-err>
  </testcase>
  <testcase name="Quotes" classname="general.More_Module" time="47.816">
    <system-err><![CDATA[[main] INFO org.testng.internal.Utils - [Invoker 1031775150] No configuration methods found
[main] INFO org.testng.internal.Utils - [Invoker 1031775150] No configuration methods found
[main] INFO org.testng.internal.Utils - [Invoker 1031775150] Invoking general.More_Module.Quotes
]]></system-err>
  </testcase>
  <testcase name="Projects" classname="general.More_Module" time="12.097">
    <failure message="Expected condition failed: waiting for visibility of element located by By.xpath: //android.widget.TextView[@text=&apos;More&apos;] (tried for 10 second(s) with 500 milliseconds interval)" type="java.lang.AssertionError"><![CDATA[java.lang.AssertionError: Expected condition failed: waiting for visibility of element located by By.xpath: //android.widget.TextView[@text='More'] (tried for 10 second(s) with 500 milliseconds interval)
	at general.More_Module.Projects(More_Module.java:517)
]]></failure>
    <system-err><![CDATA[[main] INFO org.testng.internal.Utils - [Invoker 1031775150] No configuration methods found
[main] INFO org.testng.internal.Utils - [Invoker 1031775150] No configuration methods found
[main] INFO org.testng.internal.Utils - [Invoker 1031775150] Invoking general.More_Module.Projects
]]></system-err>
  </testcase>
  <testcase name="Reports" classname="general.More_Module" time="42.085">
    <system-err><![CDATA[[main] INFO org.testng.internal.Utils - [Invoker 1031775150] No configuration methods found
[main] INFO org.testng.internal.Utils - [Invoker 1031775150] No configuration methods found
[main] INFO org.testng.internal.Utils - [Invoker 1031775150] Invoking general.More_Module.Reports
]]></system-err>
  </testcase>
</testsuite>